<?xml version="1.0" encoding="UTF-8"?>
<!-- Generated by org.testng.reporters.JUnitReportReporter -->
<testsuite hostname="DESKTOP-QGOJA70" failures="0" tests="4" name="Requestertickets.requestertktstestcase" time="52.749" errors="0" timestamp="2023-10-19T12:57:15 IST" skipped="3">
  <testcase classname="Requestertickets.requestertktstestcase" name="Requester_004" time="52.749"/>
  <system-out/>
  <testcase classname="Requestertickets.requestertktstestcase" name="Requester_027">
    <skipped/>
  </testcase> <!-- Requester_027 -->
  <system-out/>
  <testcase classname="Requestertickets.requestertktstestcase" name="Requester_170">
    <skipped/>
  </testcase> <!-- Requester_170 -->
  <system-out/>
  <testcase classname="Requestertickets.requestertktstestcase" name="Requester_029">
    <skipped/>
  </testcase> <!-- Requester_029 -->
  <system-out/>
</testsuite> <!-- Requestertickets.requestertktstestcase -->
